Natural Text
Can anyone please help me how to resolve this issue? I am trying to run more than 1 functions and getting the error :Finding files... done.Importing test modules ... done.======================================================================ERROR: test_home (kenZen.KenLogin.KenLogin)Traceback (most recent call last):   File  "E:\Learning\Workplace\kenZen\kenZen\KenLogin.py", line 37, in  test_home      driver.implicitly_wait(2000)   File "C:\Users\Pardeep\AppData\Local\Programs\Python\Python36-32\lib\site-packages\selenium\webdriver\remote\webdriver.py",  line 895, in implicitly_wait      'ms': float(time_to_wait) * 1000})   File "C:\Users\Pardeep\AppData\Local\Programs\Python\Python36-32\lib\site-packages\selenium\webdriver\remote\webdriver.py",  line 314, in execute      self.error_handler.check_response(response)   File "C:\Users\Pardeep\AppData\Local\Programs\Python\Python36-32\lib\site-packages\selenium\webdriver\remote\errorhandler.py",  line 242, in check_response      raise exception_class(message, screen, stacktrace) selenium.common.exceptions.WebDriverException: Message: no such  session   (Driver info: chromedriver=2.38.552522  (437e6fbedfa8762dec75e2c5b3ddb86763dc9dcb),platform=Windows NT  10.0.14393 x86_64)======================================================================ERROR: test_home (kenZen.KenLogin.KenLogin)Traceback (most recent call last):   File  "E:\Learning\Workplace\kenZen\kenZen\KenLogin.py", line 60, in  tearDown      driver.close()   File "C:\Users\Pardeep\AppData\Local\Programs\Python\Python36-32\lib\site-packages\selenium\webdriver\remote\webdriver.py",  line 681, in close      self.execute(Command.CLOSE)   File "C:\Users\Pardeep\AppData\Local\Programs\Python\Python36-32\lib\site-packages\selenium\webdriver\remote\webdriver.py",  line 314, in execute      self.error_handler.check_response(response)   File "C:\Users\Pardeep\AppData\Local\Programs\Python\Python36-32\lib\site-packages\selenium\webdriver\remote\errorhandler.py",  line 242, in check_response      raise exception_class(message, screen, stacktrace) selenium.common.exceptions.WebDriverException: Message: no such  session   (Driver info: chromedriver=2.38.552522  (437e6fbedfa8762dec75e2c5b3ddb86763dc9dcb),platform=Windows NT  10.0.14393 x86_64)======================================================================ERROR: test_login (kenZen.KenLogin.KenLogin)Traceback (most recent call last):   File  "E:\Learning\Workplace\kenZen\kenZen\KenLogin.py", line 21, in  test_login      driver.implicitly_wait(2000)   File "C:\Users\Pardeep\AppData\Local\Programs\Python\Python36-32\lib\site-packages\selenium\webdriver\remote\webdriver.py",  line 895, in implicitly_wait      'ms': float(time_to_wait) * 1000})   File "C:\Users\Pardeep\AppData\Local\Programs\Python\Python36-32\lib\site-packages\selenium\webdriver\remote\webdriver.py",  line 314, in execute      self.error_handler.check_response(response)   File "C:\Users\Pardeep\AppData\Local\Programs\Python\Python36-32\lib\site-packages\selenium\webdriver\remote\errorhandler.py",  line 242, in check_response      raise exception_class(message, screen, stacktrace) selenium.common.exceptions.WebDriverException: Message: no such  session   (Driver info: chromedriver=2.38.552522  (437e6fbedfa8762dec75e2c5b3ddb86763dc9dcb),platform=Windows NT  10.0.14393 x86_64)======================================================================ERROR: test_login (kenZen.KenLogin.KenLogin)Traceback (most recent call last):   File  "E:\Learning\Workplace\kenZen\kenZen\KenLogin.py", line 60, in  tearDown      driver.close()   File "C:\Users\Pardeep\AppData\Local\Programs\Python\Python36-32\lib\site-packages\selenium\webdriver\remote\webdriver.py",  line 681, in close      self.execute(Command.CLOSE)   File "C:\Users\Pardeep\AppData\Local\Programs\Python\Python36-32\lib\site-packages\selenium\webdriver\remote\webdriver.py",  line 314, in execute      self.error_handler.check_response(response)   File "C:\Users\Pardeep\AppData\Local\Programs\Python\Python36-32\lib\site-packages\selenium\webdriver\remote\errorhandler.py",  line 242, in check_response      raise exception_class(message, screen, stacktrace) selenium.common.exceptions.WebDriverException: Message: no such  session   (Driver info: chromedriver=2.38.552522  (437e6fbedfa8762dec75e2c5b3ddb86763dc9dcb),platform=Windows NT  10.0.14393 x86_64)======================================================================ERROR: test_newteam (kenZen.KenLogin.KenLogin)Traceback (most recent call last):   File  "E:\Learning\Workplace\kenZen\kenZen\KenLogin.py", line 46, in  test_newteam      addteam = driver.find_element_by_xpath("/html/body/div[1]/div/div[2]/div/div/div[1]/ul[2]/li/button")  File  "C:\Users\Pardeep\AppData\Local\Programs\Python\Python36-32\lib\site-packages\selenium\webdriver\remote\webdriver.py",  line 387, in find_element_by_xpath      return self.find_element(by=By.XPATH, value=xpath)   File "C:\Users\Pardeep\AppData\Local\Programs\Python\Python36-32\lib\site-packages\selenium\webdriver\remote\webdriver.py",  line 957, in find_element      'value': value})['value']   File "C:\Users\Pardeep\AppData\Local\Programs\Python\Python36-32\lib\site-packages\selenium\webdriver\remote\webdriver.py",  line 314, in execute      self.error_handler.check_response(response)   File "C:\Users\Pardeep\AppData\Local\Programs\Python\Python36-32\lib\site-packages\selenium\webdriver\remote\errorhandler.py",  line 242, in check_response      raise exception_class(message, screen, stacktrace) selenium.common.exceptions.WebDriverException: Message: no such  session   (Driver info: chromedriver=2.38.552522  (437e6fbedfa8762dec75e2c5b3ddb86763dc9dcb),platform=Windows NT  10.0.14393 x86_64)======================================================================ERROR: test_newteam (kenZen.KenLogin.KenLogin)Traceback (most recent call last):   File  "E:\Learning\Workplace\kenZen\kenZen\KenLogin.py", line 60, in  tearDown      driver.close()   File "C:\Users\Pardeep\AppData\Local\Programs\Python\Python36-32\lib\site-packages\selenium\webdriver\remote\webdriver.py",  line 681, in close      self.execute(Command.CLOSE)   File "C:\Users\Pardeep\AppData\Local\Programs\Python\Python36-32\lib\site-packages\selenium\webdriver\remote\webdriver.py",  line 314, in execute      self.error_handler.check_response(response)   File "C:\Users\Pardeep\AppData\Local\Programs\Python\Python36-32\lib\site-packages\selenium\webdriver\remote\errorhandler.py",  line 242, in check_response      raise exception_class(message, screen, stacktrace) selenium.common.exceptions.WebDriverException: Message: no such  session   (Driver info: chromedriver=2.38.552522  (437e6fbedfa8762dec75e2c5b3ddb86763dc9dcb),platform=Windows NT  10.0.14393 x86_64)
While working with Python  and unittest you need to take care of the following:: The setUp() is the part of initialization and this method will get called before every test function which you are going to write in this testcase class.: Instead of using  use  class to maximize the browser window.: Implicit Wait once set, the implicit wait is set for the life of the WebDriver object instance.Always invoke  within  method to close & destroy the WebDriver and Web Client instances gracefully.Here is your own code block with the minor tweaks mentioned above:Console Output:As per your comment update if you want  function to be called only once, you can use the  and  class methods which gets executed before and after the tests when a class gets executed.Here is your own code block with the minor tweaks mentioned above:Console Output:ReferencesHere you can find a detailed discussion on What is unittest in selenium Python?Here you can find a detailed discussion on Unittest setUp/tearDown for several testsHere you can find a detailed discussion on Run setUp only once


Answer URL
https://docs.python.org/3/library/unittest.html#setupclass-and-teardownclass
https://docs.python.org/3/library/unittest.html#setupclass-and-teardownclass
